#
# There is insufficient memory for the Java Runtime Environment to continue.
# Native memory allocation (mmap) failed to map 266338304 bytes for G1 virtual space
# Possible reasons:
#   The system is out of physical RAM or swap space
#   The process is running with CompressedOops enabled, and the Java Heap may be blocking the growth of the native heap
# Possible solutions:
#   Reduce memory load on the system
#   Increase physical memory or swap space
#   Check if swap backing store is full
#   Decrease Java heap size (-Xmx/-Xms)
#   Decrease number of Java threads
#   Decrease Java thread stack sizes (-Xss)
#   Set larger code cache with -XX:ReservedCodeCacheSize=
#   JVM is running with Zero Based Compressed Oops mode in which the Java heap is
#     placed in the first 32GB address space. The Java Heap base address is the
#     maximum limit for the native heap growth. Please use -XX:HeapBaseMinAddress
#     to set the Java Heap base and to place the Java Heap above 32GB virtual address.
# This output file may be truncated or incomplete.
#
#  Out of Memory Error (os_windows.cpp:3469), pid=9052, tid=15636
#
# JRE version:  (17.0.1+12) (build )
# Java VM: OpenJDK 64-Bit Server VM (17.0.1+12, mixed mode, sharing, tiered, compressed oops, compressed class ptrs, g1 gc, windows-amd64)
# No core dump will be written. Minidumps are not enabled by default on client versions of Windows
#

---------------  S U M M A R Y ------------

Command Line: -Dfile.encoding=Cp1252 -XX:+ShowCodeDetailsInExceptionMessages com.revature.noel.MovieManager

Host: Intel(R) Core(TM) i5-1038NG7 CPU @ 2.00GHz, 8 cores, 15G,  Windows 10 , 64 bit Build 19041 (10.0.19041.1503)
Time: Thu Mar 10 10:45:26 2022 Eastern Standard Time elapsed time: 0.021746 seconds (0d 0h 0m 0s)

---------------  T H R E A D  ---------------

Current thread (0x000001475b81bc70):  JavaThread "Unknown thread" [_thread_in_vm, id=15636, stack(0x00000038ad800000,0x00000038ad900000)]

Stack: [0x00000038ad800000,0x00000038ad900000]
Native frames: (J=compiled Java code, j=interpreted, Vv=VM code, C=native code)
V  [jvm.dll+0x6744da]
V  [jvm.dll+0x82e144]
V  [jvm.dll+0x82f8ee]
V  [jvm.dll+0x82ff53]
V  [jvm.dll+0x245175]
V  [jvm.dll+0x6714c9]
V  [jvm.dll+0x665f92]
V  [jvm.dll+0x303c3b]
V  [jvm.dll+0x30b176]
V  [jvm.dll+0x35af1e]
V  [jvm.dll+0x35b14f]
V  [jvm.dll+0x2dab78]
V  [jvm.dll+0x2dbae4]
V  [jvm.dll+0x7ffdf1]
V  [jvm.dll+0x368c91]
V  [jvm.dll+0x7df2cc]
V  [jvm.dll+0x3eb59f]
V  [jvm.dll+0x3ed121]
C  [jli.dll+0x5277]
C  [ucrtbase.dll+0x21bb2]
C  [KERNEL32.DLL+0x17034]
C  [ntdll.dll+0x52651]


---------------  P R O C E S S  ---------------

Threads class SMR info:
_java_thread_list=0x00007ffa7b994e58, length=0, elements={
}

Java Threads: ( => current thread )

Other Threads:
  0x000001475b86b790 GCTaskThread "GC Thread#0" [stack: 0x00000038ad900000,0x00000038ada00000] [id=8740]
  0x000001475b87db80 ConcurrentGCThread "G1 Main Marker" [stack: 0x00000038ada00000,0x00000038adb00000] [id=1076]
  0x000001475b87f5a0 ConcurrentGCThread "G1 Conc#0" [stack: 0x00000038adb00000,0x00000038adc00000] [id=15812]

[error occurred during error reporting (printing all threads), id 0xc0000005, EXCEPTION_ACCESS_VIOLATION (0xc0000005) at pc=0x00007ffa7b16b5f7]

VM state: not at safepoint (not fully initialized)

VM Mutex/Monitor currently owned by a thread:  ([mutex/lock_event])
[0x000001475b816530] Heap_lock - owner thread: 0x000001475b81bc70

Heap address: 0x0000000703000000, size: 4048 MB, Compressed Oops mode: Zero based, Oop shift amount: 3

CDS archive(s) mapped at: [0x0000000000000000-0x0000000000000000-0x0000000000000000), size 0, SharedBaseAddress: 0x0000000800000000, ArchiveRelocationMode: 0.
Narrow klass base: 0x0000000000000000, Narrow klass shift: 0, Narrow klass range: 0x0

GC Precious Log:
<Empty>

Heap:
 garbage-first heap   total 0K, used 0K [0x0000000703000000, 0x0000000800000000)
  region size 2048K, 0 young (0K), 0 survivors (0K)

[error occurred during error reporting (printing heap information), id 0xc0000005, EXCEPTION_ACCESS_VIOLATION (0xc0000005) at pc=0x00007ffa7b54d729]

GC Heap History (0 events):
No events

Deoptimization events (0 events):
No events

Classes unloaded (0 events):
No events

Classes redefined (0 events):
No events

Internal exceptions (0 events):
No events

VM Operations (0 events):
No events

Events (1 events):
Event: 0.013 Loaded shared library C:\Users\goodw\Downloads\sts-4.13.1.RELEASE\plugins\org.eclipse.justj.openjdk.hotspot.jre.full.win32.x86_64_17.0.1.v20211116-1657\jre\bin\java.dll


Dynamic libraries:
0x00007ff745220000 - 0x00007ff74522e000 	C:\Users\goodw\Downloads\sts-4.13.1.RELEASE\plugins\org.eclipse.justj.openjdk.hotspot.jre.full.win32.x86_64_17.0.1.v20211116-1657\jre\bin\javaw.exe
0x00007ffabf7d0000 - 0x00007ffabf9c5000 	C:\Windows\SYSTEM32\ntdll.dll
0x00007ffabed30000 - 0x00007ffabedee000 	C:\Windows\System32\KERNEL32.DLL
0x00007ffabd270000 - 0x00007ffabd538000 	C:\Windows\System32\KERNELBASE.dll
0x00007ffabd540000 - 0x00007ffabd640000 	C:\Windows\System32\ucrtbase.dll
0x00007ffab7260000 - 0x00007ffab7278000 	C:\Users\goodw\Downloads\sts-4.13.1.RELEASE\plugins\org.eclipse.justj.openjdk.hotspot.jre.full.win32.x86_64_17.0.1.v20211116-1657\jre\bin\jli.dll
0x00007ffab73d0000 - 0x00007ffab73e9000 	C:\Users\goodw\Downloads\sts-4.13.1.RELEASE\plugins\org.eclipse.justj.openjdk.hotspot.jre.full.win32.x86_64_17.0.1.v20211116-1657\jre\bin\VCRUNTIME140.dll
0x00007ffabf0b0000 - 0x00007ffabf250000 	C:\Windows\System32\USER32.dll
0x00007ffaa4ee0000 - 0x00007ffaa517a000 	C:\Windows\WinSxS\amd64_microsoft.windows.common-controls_6595b64144ccf1df_6.0.19041.1110_none_60b5254171f9507e\COMCTL32.dll
0x00007ffabec90000 - 0x00007ffabed2e000 	C:\Windows\System32\msvcrt.dll
0x00007ffabd130000 - 0x00007ffabd152000 	C:\Windows\System32\win32u.dll
0x00007ffabf250000 - 0x00007ffabf27b000 	C:\Windows\System32\GDI32.dll
0x00007ffabd160000 - 0x00007ffabd26d000 	C:\Windows\System32\gdi32full.dll
0x00007ffabcf70000 - 0x00007ffabd00d000 	C:\Windows\System32\msvcp_win.dll
0x00007ffabe2d0000 - 0x00007ffabe300000 	C:\Windows\System32\IMM32.DLL
0x00007ffab7aa0000 - 0x00007ffab7aac000 	C:\Users\goodw\Downloads\sts-4.13.1.RELEASE\plugins\org.eclipse.justj.openjdk.hotspot.jre.full.win32.x86_64_17.0.1.v20211116-1657\jre\bin\vcruntime140_1.dll
0x00007ffab71c0000 - 0x00007ffab7251000 	C:\Users\goodw\Downloads\sts-4.13.1.RELEASE\plugins\org.eclipse.justj.openjdk.hotspot.jre.full.win32.x86_64_17.0.1.v20211116-1657\jre\bin\msvcp140.dll
0x00007ffa7ae80000 - 0x00007ffa7bac6000 	C:\Users\goodw\Downloads\sts-4.13.1.RELEASE\plugins\org.eclipse.justj.openjdk.hotspot.jre.full.win32.x86_64_17.0.1.v20211116-1657\jre\bin\server\jvm.dll
0x00007ffabe790000 - 0x00007ffabe83e000 	C:\Windows\System32\ADVAPI32.dll
0x00007ffabf4e0000 - 0x00007ffabf57c000 	C:\Windows\System32\sechost.dll
0x00007ffabe1a0000 - 0x00007ffabe2c5000 	C:\Windows\System32\RPCRT4.dll
0x00007ffabf2e0000 - 0x00007ffabf2e8000 	C:\Windows\System32\PSAPI.DLL
0x00007ffab68a0000 - 0x00007ffab68aa000 	C:\Windows\SYSTEM32\VERSION.dll
0x00007ffaa6990000 - 0x00007ffaa6999000 	C:\Windows\SYSTEM32\WSOCK32.dll
0x00007ffabf040000 - 0x00007ffabf0ab000 	C:\Windows\System32\WS2_32.dll
0x00007ffa9a930000 - 0x00007ffa9a957000 	C:\Windows\SYSTEM32\WINMM.dll
0x00007ffabadd0000 - 0x00007ffabade2000 	C:\Windows\SYSTEM32\kernel.appcore.dll
0x00007ffab93a0000 - 0x00007ffab93aa000 	C:\Users\goodw\Downloads\sts-4.13.1.RELEASE\plugins\org.eclipse.justj.openjdk.hotspot.jre.full.win32.x86_64_17.0.1.v20211116-1657\jre\bin\jimage.dll
0x00007ffab3820000 - 0x00007ffab3a04000 	C:\Windows\SYSTEM32\DBGHELP.DLL
0x00007ffaa6630000 - 0x00007ffaa665c000 	C:\Windows\SYSTEM32\dbgcore.DLL
0x00007ffabcee0000 - 0x00007ffabcf62000 	C:\Windows\System32\bcryptPrimitives.dll
0x00007ffab7390000 - 0x00007ffab73b5000 	C:\Users\goodw\Downloads\sts-4.13.1.RELEASE\plugins\org.eclipse.justj.openjdk.hotspot.jre.full.win32.x86_64_17.0.1.v20211116-1657\jre\bin\java.dll

dbghelp: loaded successfully - version: 4.0.5 - missing functions: none
symbol engine: initialized successfully - sym options: 0x614 - pdb path: .;C:\Users\goodw\Downloads\sts-4.13.1.RELEASE\plugins\org.eclipse.justj.openjdk.hotspot.jre.full.win32.x86_64_17.0.1.v20211116-1657\jre\bin;C:\Windows\SYSTEM32;C:\Windows\WinSxS\amd64_microsoft.windows.common-controls_6595b64144ccf1df_6.0.19041.1110_none_60b5254171f9507e;C:\Users\goodw\Downloads\sts-4.13.1.RELEASE\plugins\org.eclipse.justj.openjdk.hotspot.jre.full.win32.x86_64_17.0.1.v20211116-1657\jre\bin\server

VM Arguments:
jvm_args: -Dfile.encoding=Cp1252 -XX:+ShowCodeDetailsInExceptionMessages 
java_command: com.revature.noel.MovieManager
java_class_path (initial): C:\Users\goodw\Documents\workspace-spring-tool-suite-4-4.13.1.RELEASE\CollectionProject\target\classes
Launcher Type: SUN_STANDARD

[Global flags]
     intx CICompilerCount                          = 4                                         {product} {ergonomic}
     uint ConcGCThreads                            = 2                                         {product} {ergonomic}
     uint G1ConcRefinementThreads                  = 8                                         {product} {ergonomic}
   size_t G1HeapRegionSize                         = 2097152                                   {product} {ergonomic}
    uintx GCDrainStackTargetSize                   = 64                                        {product} {ergonomic}
   size_t InitialHeapSize                          = 266338304                                 {product} {ergonomic}
   size_t MarkStackSize                            = 4194304                                   {product} {ergonomic}
   size_t MaxHeapSize                              = 4244635648                                {product} {ergonomic}
   size_t MinHeapDeltaBytes                        = 2097152                                   {product} {ergonomic}
   size_t MinHeapSize                              = 8388608                                   {product} {ergonomic}
    uintx NonNMethodCodeHeapSize                   = 5839372                                {pd product} {ergonomic}
    uintx NonProfiledCodeHeapSize                  = 122909434                              {pd product} {ergonomic}
    uintx ProfiledCodeHeapSize                     = 122909434                              {pd product} {ergonomic}
    uintx ReservedCodeCacheSize                    = 251658240                              {pd product} {ergonomic}
     bool SegmentedCodeCache                       = true                                      {product} {ergonomic}
     bool ShowCodeDetailsInExceptionMessages       = true                                   {manageable} {command line}
   size_t SoftMaxHeapSize                          = 4244635648                             {manageable} {ergonomic}
     bool UseCompressedClassPointers               = true                           {product lp64_product} {ergonomic}
     bool UseCompressedOops                        = true                           {product lp64_product} {ergonomic}
     bool UseG1GC                                  = true                                      {product} {ergonomic}
     bool UseLargePagesIndividualAllocation        = false                                  {pd product} {ergonomic}

Logging:
Log output configuration:
 #0: stdout all=warning uptime,level,tags
 #1: stderr all=off uptime,level,tags

Environment Variables:
PATH=C:/Users/goodw/Downloads/sts-4.13.1.RELEASE//plugins/org.eclipse.justj.openjdk.hotspot.jre.full.win32.x86_64_17.0.1.v20211116-1657/jre/bin/server;C:/Users/goodw/Downloads/sts-4.13.1.RELEASE//plugins/org.eclipse.justj.openjdk.hotspot.jre.full.win32.x86_64_17.0.1.v20211116-1657/jre/bin;C:\Program Files\Common Files\Oracle\Java\javapath;C:\Windows\system32;C:\Windows;C:\Windows\System32\Wbem;C:\Windows\System32\WindowsPowerShell\v1.0\;C:\Windows\System32\OpenSSH\;C:\Program Files\Java\jdk-17.0.2\bin;C:\Marven\apache-maven-3.8.4\bin;C:\Marven\apache-maven-3.8.4\bin;C:\Program Files\Git\cmd;C:\Users\goodw\AppData\Local\Microsoft\WindowsApps;;C:\Users\goodw\AppData\Local\Programs\Microsoft VS Code\bin;C:\Users\goodw\Downloads\sts-4.13.1.RELEASE;
USERNAME=goodw
OS=Windows_NT
PROCESSOR_IDENTIFIER=Intel64 Family 6 Model 126 Stepping 5, GenuineIntel



---------------  S Y S T E M  ---------------

OS:
 Windows 10 , 64 bit Build 19041 (10.0.19041.1503)
OS uptime: 3 days 1:38 hours

CPU: total 8 (initial active 8) (4 cores per cpu, 2 threads per core) family 6 model 126 stepping 5 microcode 0xa8, cx8, cmov, fxsr, ht, mmx, 3dnowpref, sse, sse2, sse3, ssse3, sse4.1, sse4.2, popcnt, lzcnt, tsc, tscinvbit, avx, avx2, aes, erms, clmul, bmi1, bmi2, adx, avx512f, avx512dq, avx512cd, avx512bw, avx512vl, sha, fma, vzeroupper, avx512_vpopcntdq, avx512_vpclmulqdq, avx512_vaes, avx512_vnni, clflush, clflushopt, avx512_vbmi2, avx512_vbmi

Memory: 4k page, system-wide physical 16186M (1127M free)
TotalPageFile size 34182M (AvailPageFile size 96M)
current process WorkingSet (physical memory assigned to process): 10M, peak: 10M
current process commit charge ("private bytes"): 60M, peak: 313M

vm_info: OpenJDK 64-Bit Server VM (17.0.1+12) for windows-amd64 JRE (17.0.1+12), built on Oct 20 2021 07:42:55 by "" with MS VC++ 16.7 (VS2019)

END.
